<?xml version="1.0" encoding="UTF-8"?>
<!-- Generated by org.testng.reporters.JUnitXMLReporter -->
<testsuite ignored="0" hostname="cucumber" failures="0" tests="8" name="ApiTest" time="5.6" errors="0" timestamp="2024-03-20T23:42:05 EDT">
  <testcase classname="CURD.gitHubFunctions" name="validateCreateRepo" time="2.505"/>
  <testcase classname="CURD.gitHubFunctions" name="validateCreateRepoExistingName" time="0.249"/>
  <testcase classname="CURD.gitHubFunctions" name="validateSingleRepoInGetData" time="0.297"/>
  <testcase classname="CURD.gitHubFunctions" name="validateSingleRepoWithNonExistingRepoNameInGetData" time="0.214"/>
  <testcase classname="CURD.gitHubFunctions" name="validateGetAllRepoInGetData" time="0.355"/>
  <testcase classname="CURD.gitHubFunctions" name="validateUpdateRepo" time="0.505"/>
  <testcase classname="CURD.gitHubFunctions" name="deleteRepo" time="0.38"/>
  <testcase classname="CURD.gitHubFunctions" name="deleteRepoWithNonexistingName" time="0.201"/>
</testsuite> <!-- ApiTest -->
